
> ar-compare-nextjs@0.1.0 dev
> next dev

   ▲ Next.js 15.3.4
   - Local:        http://localhost:3000
   - Network:      http://192.168.0.219:3000
   - Environments: .env.local

 ✓ Starting...
 ✓ Ready in 1810ms
 ✓ Compiled /middleware in 192ms (109 modules)
 ○ Compiling / ...
 ✓ Compiled / in 2.2s (959 modules)
[HomeClient] Component rendering... { productsCount: 8, serverSearchParams: {} }
 ⚠ metadataBase property in metadata export is not set for resolving social open graph or twitter images, using "http://localhost:3000". See https://nextjs.org/docs/app/api-reference/functions/generate-metadata#metadatabase
 GET / 200 in 2364ms
 ✓ Compiled in 122ms (404 modules)
[HomeClient] Component rendering... { productsCount: 8, serverSearchParams: {} }
 GET / 200 in 22ms
[HomeClient] Component rendering... { productsCount: 8, serverSearchParams: {} }
 GET / 200 in 25ms
 ✓ Compiled in 375ms (404 modules)
 ✓ Compiled in 123ms (404 modules)
 ✓ Compiled in 388ms (404 modules)
 ✓ Compiled in 345ms (404 modules)
 ✓ Compiled in 342ms (404 modules)
 ✓ Compiled in 333ms (404 modules)
 ✓ Compiled in 579ms (404 modules)
 ✓ Compiled in 514ms (404 modules)
 ✓ Compiled in 518ms (404 modules)
 ✓ Compiled in 590ms (404 modules)
 ✓ Compiled in 522ms (404 modules)
 ✓ Compiled in 606ms (404 modules)
 ✓ Compiled in 663ms (404 modules)
 ✓ Compiled in 608ms (404 modules)
 ✓ Compiled in 638ms (404 modules)
 ✓ Compiled in 646ms (404 modules)
 ✓ Compiled in 349ms (404 modules)
 ✓ Compiled in 496ms (404 modules)
 ✓ Compiled in 370ms (404 modules)
 ✓ Compiled in 418ms (404 modules)
 ✓ Compiled in 476ms (404 modules)
 ✓ Compiled in 517ms (404 modules)
 ✓ Compiled in 537ms (404 modules)
 ✓ Compiled in 495ms (404 modules)
 ✓ Compiled in 487ms (404 modules)
 ✓ Compiled in 478ms (404 modules)
 ✓ Compiled in 585ms (404 modules)
 ✓ Compiled in 683ms (402 modules)
 ✓ Compiled in 618ms (402 modules)
<w> [webpack.cache.PackFileCacheStrategy] Caching failed for pack: Error: ENOENT: no such file or directory, rename '/Users/patrickkavanagh/ar-compare/ar-compare-nextjs/.next/cache/webpack/client-development/7.pack.gz_' -> '/Users/patrickkavanagh/ar-compare/ar-compare-nextjs/.next/cache/webpack/client-development/7.pack.gz'
 ✓ Compiled in 447ms (402 modules)
 ✓ Compiled in 410ms (402 modules)
 ✓ Compiled in 472ms (402 modules)
 ✓ Compiled in 634ms (402 modules)
 ✓ Compiled in 649ms (402 modules)
 ✓ Compiled in 380ms (402 modules)
<w> [webpack.cache.PackFileCacheStrategy] Caching failed for pack: Error: ENOENT: no such file or directory, rename '/Users/patrickkavanagh/ar-compare/ar-compare-nextjs/.next/cache/webpack/client-development/3.pack.gz_' -> '/Users/patrickkavanagh/ar-compare/ar-compare-nextjs/.next/cache/webpack/client-development/3.pack.gz'
 ✓ Compiled in 653ms (402 modules)
 ✓ Compiled in 566ms (402 modules)
 ✓ Compiled in 611ms (402 modules)
 ✓ Compiled in 646ms (402 modules)
 ✓ Compiled in 663ms (402 modules)
 ✓ Compiled in 653ms (402 modules)
 ✓ Compiled in 645ms (402 modules)
 ✓ Compiled in 630ms (402 modules)
 ✓ Compiled in 632ms (402 modules)
 ✓ Compiled in 565ms (402 modules)
 ⨯ ./app/globals.css:3817:1
Syntax error: /Users/patrickkavanagh/ar-compare/ar-compare-nextjs/app/globals.css Unexpected }

  3815 |   }
  3816 | }
> 3817 | }
       | ^
  3818 | 
  3819 | /* Product Card Component Styles */
 ✓ Compiled in 626ms (402 modules)
 ✓ Compiled in 368ms (402 modules)
 ✓ Compiled in 650ms (402 modules)
 ✓ Compiled in 684ms (402 modules)
 ⨯ ./app/globals.css:3840:5
Syntax error: /Users/patrickkavanagh/ar-compare/ar-compare-nextjs/app/globals.css Unknown word

  3838 |   box-shadow: 0 4px 12px rgba(0, 0, 0, 0.15);
  3839 | } 
> 3840 |     0 20px 40px rgba(0, 0, 0, 0.3),
       |     ^
  3841 |     inset 0 1px 0 rgba(255, 255, 255, 0.2);
  3842 | }
 ✓ Compiled in 634ms (402 modules)
 ✓ Compiled in 358ms (402 modules)
 ✓ Compiled in 611ms (402 modules)
 ✓ Compiled /api/products/[id] in 152ms (475 modules)
 GET /api/products/rayneo-air-3s 200 in 368ms
 ✓ Compiled /_not-found in 104ms (864 modules)
 ○ Compiling /_error ...
 ✓ Compiled /_error in 554ms (1198 modules)
 GET /api/products/xreal-one 404 in 922ms
 GET /api/products/viture-pro-xr 404 in 78ms
 GET /api/products/rayneo-x3-pro 404 in 33ms
